<?xml version="1.0" encoding="UTF-8"?>
<testng-results ignored="0" total="1" passed="1" failed="0" skipped="0">
  <reporter-output>
  </reporter-output>
  <suite started-at="2025-08-29T21:39:45 IST" name="Default suite" finished-at="2025-08-29T21:40:13 IST" duration-ms="28821">
    <groups>
      <group name="smoke">
        <method signature="ProductCheckoutTest.checkoutTest()[pri:0, instance:testcases.ProductCheckoutTest@56928307]" name="checkoutTest" class="testcases.ProductCheckoutTest"/>
      </group> <!-- smoke -->
      <group name="sanity">
        <method signature="ProductCheckoutTest.checkoutTest()[pri:0, instance:testcases.ProductCheckoutTest@56928307]" name="checkoutTest" class="testcases.ProductCheckoutTest"/>
      </group> <!-- sanity -->
      <group name="e2e">
        <method signature="ProductCheckoutTest.checkoutTest()[pri:0, instance:testcases.ProductCheckoutTest@56928307]" name="checkoutTest" class="testcases.ProductCheckoutTest"/>
      </group> <!-- e2e -->
    </groups>
    <test started-at="2025-08-29T21:39:45 IST" name="Default test" finished-at="2025-08-29T21:40:13 IST" duration-ms="28821">
      <class name="testcases.ProductCheckoutTest">
        <test-method is-config="true" signature="setup(org.testng.ITestResult,java.lang.String,boolean,boolean,java.lang.reflect.Method)[pri:0, instance:testcases.ProductCheckoutTest@56928307]" started-at="2025-08-29T21:39:45 IST" name="setup" finished-at="2025-08-29T21:39:52 IST" duration-ms="7000" status="PASS">
          <params>
            <param index="0">
              <value>
                <![CDATA[[TestResult name={null} status=CREATED method=ProductCheckoutTest.checkoutTest()[pri:0, instance:testcases.ProductCheckoutTest@56928307] output={null}]]]>
              </value>
            </param>
            <param index="1">
              <value>
                <![CDATA[chrome]]>
              </value>
            </param>
            <param index="2">
              <value>
                <![CDATA[false]]>
              </value>
            </param>
            <param index="3">
              <value>
                <![CDATA[false]]>
              </value>
            </param>
            <param index="4">
              <value>
                <![CDATA[public void testcases.ProductCheckoutTest.checkoutTest() throws java.lang.InterruptedException]]>
              </value>
            </param>
          </params>
          <reporter-output>
          </reporter-output>
        </test-method> <!-- setup -->
        <test-method is-config="true" signature="setupforvalidusers()[pri:0, instance:testcases.ProductCheckoutTest@56928307]" started-at="2025-08-29T21:39:52 IST" name="setupforvalidusers" description="Searching item for user" finished-at="2025-08-29T21:39:55 IST" duration-ms="3502" status="PASS">
          <reporter-output>
          </reporter-output>
        </test-method> <!-- setupforvalidusers -->
        <test-method signature="checkoutTest()[pri:0, instance:testcases.ProductCheckoutTest@56928307]" started-at="2025-08-29T21:39:55 IST" name="checkoutTest" description="complete checkout process" finished-at="2025-08-29T21:40:13 IST" duration-ms="17977" status="PASS">
          <reporter-output>
          </reporter-output>
        </test-method> <!-- checkoutTest -->
        <test-method is-config="true" signature="teardown(org.testng.ITestResult)[pri:0, instance:testcases.ProductCheckoutTest@56928307]" started-at="2025-08-29T21:40:13 IST" name="teardown" finished-at="2025-08-29T21:40:13 IST" duration-ms="266" status="PASS">
          <params>
            <param index="0">
              <value>
                <![CDATA[[TestResult name=checkoutTest status=SUCCESS method=ProductCheckoutTest.checkoutTest()[pri:0, instance:testcases.ProductCheckoutTest@56928307] output={null}]]]>
              </value>
            </param>
          </params>
          <reporter-output>
          </reporter-output>
        </test-method> <!-- teardown -->
      </class> <!-- testcases.ProductCheckoutTest -->
    </test> <!-- Default test -->
  </suite> <!-- Default suite -->
</testng-results>
